INFO:notifier:VOEvent received
INFO:notifier:IVORN: ivo://nasa.gsfc.gcn/SWIFT#Actual_Point_Dir_2017-03-09T02:32:13.35_33589285-195
INFO:notifier:TRIGGERING
INFO:notifier:Coords are RA=143.4531 Dec=-62.5278
INFO:notifier:VOEvent received
INFO:notifier:IVORN: ivo://nasa.gsfc.gcn/Fermi#GBM_Alert_2017-03-09T02:34:56.59_510719701_1-202
INFO:notifier:TRIGGERING
INFO:notifier:Coords are RA=0.0 Dec=0.0
INFO:notifier:VOEvent received
INFO:notifier:IVORN: ivo://nasa.gsfc.gcn/Fermi#GBM_Flt_Pos_2017-03-09T02:34:56.59_510719701_49-206
INFO:notifier:TRIGGERING
INFO:notifier:Coords are RA=267.4333 Dec=41.0167
INFO:notifier:VOEvent received
INFO:notifier:IVORN: ivo://nasa.gsfc.gcn/SWIFT#Actual_Point_Dir_2017-03-09T02:50:45.95_687896723-260
INFO:notifier:TRIGGERING
INFO:notifier:Coords are RA=194.0832 Dec=-5.8148
INFO:notifier:VOEvent received
INFO:notifier:IVORN: ivo://nasa.gsfc.gcn/GRO#Test_Pos_2017-03-09T03:02:55.00_000012-300
INFO:notifier:TRIGGERING
INFO:notifier:Coords are RA=35.8192 Dec=-35.0775
INFO:notifier:VOEvent received
INFO:notifier:IVORN: ivo://nasa.gsfc.gcn/SWIFT#Actual_Point_Dir_2017-03-09T03:08:16.35_50417303-319
INFO:notifier:TRIGGERING
INFO:notifier:Coords are RA=171.9428 Dec=-53.3135
INFO:notifier:VOEvent received
INFO:notifier:IVORN: ivo://voevent.4pisky.org/voevent-broadcast#TestEvent-2017-03-09T03:10:36
INFO:notifier:VOEvent received
INFO:notifier:IVORN: ivo://voevent.4pisky.org/voevent-receive#TestEvent-2017-03-09T03:10:36
INFO:notifier:VOEvent received
INFO:notifier:IVORN: ivo://nasa.gsfc.gcn/INTEGRAL#Point_Dir_2017-03-09T03:24:40.00_000000-335
INFO:notifier:TRIGGERING
INFO:notifier:Coords are RA=267.2123 Dec=-28.6646
INFO:notifier:VOEvent received
INFO:notifier:IVORN: ivo://nasa.gsfc.gcn/SWIFT#Actual_Point_Dir_2017-03-09T03:13:39.55_1191216148-339
INFO:notifier:TRIGGERING
INFO:notifier:Coords are RA=265.7003 Dec=-27.7554
INFO:notifier:VOEvent received
INFO:notifier:IVORN: ivo://nasa.gsfc.gcn/Fermi#Point_Dir_2017-03-09T03:20:00.00_000000-0-358
INFO:notifier:TRIGGERING
INFO:notifier:Coords are RA=316.903 Dec=-61.5159
INFO:notifier:VOEvent received
INFO:notifier:IVORN: ivo://nasa.gsfc.gcn/SWIFT#Actual_Point_Dir_2017-03-09T03:27:25.75_2415951139-386
INFO:notifier:TRIGGERING
INFO:notifier:Coords are RA=345.3051 Dec=58.8965
INFO:notifier:VOEvent received
INFO:notifier:IVORN: ivo://nasa.gsfc.gcn/INTEGRAL#Point_Dir_2017-05-23T12:05:56.08_000000-776
INFO:notifier:VOEvent received
INFO:notifier:IVORN: ivo://nasa.gsfc.gcn/INTEGRAL#SPIACS_000000-0-777
INFO:notifier:TRIGGERING
INFO:notifier:Coords are RA=3.9584 Dec=-2.4058
INFO:notifier:TRIGGERING
INFO:notifier:Coords are RA=0.0 Dec=0.0
INFO:notifier:VOEvent received
INFO:notifier:IVORN: ivo://nasa.gsfc.gcn/INTEGRAL#Wakeup_Pos_000000-0-778
INFO:notifier:TRIGGERING
INFO:notifier:Coords are RA=1.2343 Dec=2.3455
INFO:notifier:VOEvent received
INFO:notifier:IVORN: ivo://nasa.gsfc.gcn/INTEGRAL#Refined_Pos_000000-0-779
INFO:notifier:TRIGGERING
INFO:notifier:Coords are RA=1.2343 Dec=2.3455
INFO:notifier:VOEvent received
INFO:notifier:IVORN: ivo://nasa.gsfc.gcn/INTEGRAL#Offline_Pos_000234-0-780
INFO:notifier:TRIGGERING
INFO:notifier:Coords are RA=1.2343 Dec=2.3455
INFO:notifier:VOEvent received
INFO:notifier:IVORN: ivo://nasa.gsfc.gcn/INTEGRAL#Weak_Pos_000000-0-781
INFO:notifier:TRIGGERING
INFO:notifier:Coords are RA=1.2343 Dec=2.3455
INFO:notifier:VOEvent received
INFO:notifier:IVORN: ivo://nasa.gsfc.gcn/SWIFT#Point_Dir_2017-03-10T01:08:00.00_201413838-809
INFO:notifier:VOEvent received
INFO:notifier:IVORN: ivo://nasa.gsfc.gcn/SWIFT#Actual_Point_Dir_2017-03-10T01:09:32.50_201413838-816
INFO:notifier:VOEvent received
INFO:notifier:IVORN: ivo://voevent.4pisky.org/voevent-broadcast#TestEvent-2017-03-10T01:10:36
INFO:notifier:VOEvent received
INFO:notifier:IVORN: ivo://voevent.4pisky.org/voevent-receive#TestEvent-2017-03-10T01:10:36
INFO:notifier:VOEvent received
INFO:notifier:IVORN: ivo://nasa.gsfc.gcn/Fermi#Point_Dir_2017-03-10T01:16:00.00_000000-0-838
INFO:notifier:VOEvent received
INFO:notifier:IVORN: ivo://nasa.gsfc.gcn/SWIFT#Point_Dir_2017-03-10T01:22:00.00_117475461-857
INFO:notifier:VOEvent received
INFO:notifier:IVORN: ivo://nasa.gsfc.gcn/SWIFT#Actual_Point_Dir_2017-03-10T01:24:41.47_117475461-870
INFO:notifier:VOEvent received
INFO:notifier:IVORN: ivo://nasa.gsfc.gcn/INTEGRAL#Point_Dir_2017-03-10T01:28:23.00_000000-877
INFO:notifier:VOEvent received
INFO:notifier:IVORN: ivo://nasa.gsfc.gcn/SWIFT#BAT_SubSubThresh_Pos_1943889001-946
INFO:notifier:VOEvent received
INFO:notifier:IVORN: ivo://nasa.gsfc.gcn/SWIFT#BAT_SubSubThresh_Pos_1943889001-947
INFO:notifier:VOEvent received
INFO:notifier:IVORN: ivo://nasa.gsfc.gcn/SWIFT#BAT_Known_Pos_1943889761-948
INFO:notifier:VOEvent received
INFO:notifier:IVORN: ivo://nasa.gsfc.gcn/SWIFT#BAT_SubSubThresh_Pos_1943890041-952
INFO:notifier:VOEvent received
INFO:notifier:IVORN: ivo://nasa.gsfc.gcn/SWIFT#BAT_SubSubThresh_Pos_1943890361-954
INFO:notifier:VOEvent received
INFO:notifier:IVORN: ivo://nasa.gsfc.gcn/SWIFT#BAT_SubSubThresh_Pos_1943890676-955
INFO:notifier:VOEvent received
INFO:notifier:IVORN: ivo://nasa.gsfc.gcn/SWIFT#BAT_Known_Pos_1943891001-956
INFO:notifier:VOEvent received
INFO:notifier:IVORN: ivo://nasa.gsfc.gcn/SWIFT#BAT_Known_Pos_1943891351-957
INFO:notifier:VOEvent received
INFO:notifier:IVORN: ivo://nasa.gsfc.gcn/SWIFT#BAT_SubSubThresh_Pos_1943891356-958
INFO:notifier:VOEvent received
INFO:notifier:IVORN: ivo://nasa.gsfc.gcn/SWIFT#BAT_Known_Pos_1943891381-959
INFO:notifier:VOEvent received
INFO:notifier:IVORN: ivo://nasa.gsfc.gcn/SWIFT#BAT_Known_Pos_1943891381-961
INFO:notifier:VOEvent received
INFO:notifier:IVORN: ivo://nasa.gsfc.gcn/SWIFT#BAT_Known_Pos_1943893446-962
INFO:notifier:VOEvent received
INFO:notifier:IVORN: ivo://nasa.gsfc.gcn/SWIFT#BAT_SubSubThresh_Pos_1943893446-963
INFO:notifier:VOEvent received
INFO:notifier:IVORN: ivo://nasa.gsfc.gcn/SWIFT#BAT_SubSubThresh_Pos_1943893446-964
INFO:notifier:VOEvent received
INFO:notifier:IVORN: ivo://nasa.gsfc.gcn/SWIFT#BAT_Known_Pos_1943893756-965
INFO:notifier:VOEvent received
INFO:notifier:IVORN: ivo://nasa.gsfc.gcn/SWIFT#BAT_SubSubThresh_Pos_1943894086-966
INFO:notifier:VOEvent received
INFO:notifier:IVORN: ivo://nasa.gsfc.gcn/SWIFT#BAT_Known_Pos_1943894086-968
INFO:notifier:VOEvent received
INFO:notifier:IVORN: ivo://nasa.gsfc.gcn/SWIFT#BAT_Known_Pos_1943894086-969
INFO:notifier:VOEvent received
INFO:notifier:IVORN: ivo://nasa.gsfc.gcn/SWIFT#BAT_Known_Pos_1943894396-970
INFO:notifier:VOEvent received
INFO:notifier:IVORN: ivo://nasa.gsfc.gcn/SWIFT#BAT_Known_Pos_1943894436-971
INFO:notifier:VOEvent received
INFO:notifier:IVORN: ivo://nasa.gsfc.gcn/SWIFT#BAT_Known_Pos_1943894721-972
INFO:notifier:VOEvent received
INFO:notifier:IVORN: ivo://nasa.gsfc.gcn/SWIFT#BAT_Known_Pos_1943894726-973
INFO:notifier:VOEvent received
INFO:notifier:IVORN: ivo://nasa.gsfc.gcn/SWIFT#BAT_Known_Pos_1943895036-974
INFO:notifier:VOEvent received
INFO:notifier:IVORN: ivo://nasa.gsfc.gcn/SWIFT#BAT_Known_Pos_1943895356-975
INFO:notifier:VOEvent received
INFO:notifier:IVORN: ivo://nasa.gsfc.gcn/SWIFT#BAT_SubSubThresh_Pos_1943895676-976
INFO:notifier:VOEvent received
INFO:notifier:IVORN: ivo://nasa.gsfc.gcn/SWIFT#BAT_Known_Pos_1943895996-977
INFO:notifier:VOEvent received
INFO:notifier:IVORN: ivo://nasa.gsfc.gcn/SWIFT#BAT_Known_Pos_1943896046-978
INFO:notifier:VOEvent received
INFO:notifier:IVORN: ivo://nasa.gsfc.gcn/SWIFT#BAT_Known_Pos_1943896051-979
INFO:notifier:VOEvent received
INFO:notifier:IVORN: ivo://nasa.gsfc.gcn/SWIFT#BAT_Known_Pos_1943896051-980
INFO:notifier:VOEvent received
INFO:notifier:IVORN: ivo://nasa.gsfc.gcn/SWIFT#BAT_SubSubThresh_Pos_1943896051-981
INFO:notifier:VOEvent received
INFO:notifier:IVORN: ivo://nasa.gsfc.gcn/SWIFT#BAT_Known_Pos_1943896316-982
INFO:notifier:VOEvent received
INFO:notifier:IVORN: ivo://nasa.gsfc.gcn/SWIFT#BAT_Known_Pos_1943896636-983
INFO:notifier:VOEvent received
INFO:notifier:IVORN: ivo://nasa.gsfc.gcn/SWIFT#BAT_Known_Pos_1943896966-984
INFO:notifier:VOEvent received
INFO:notifier:IVORN: ivo://nasa.gsfc.gcn/SWIFT#BAT_SubSubThresh_Pos_1943896966-988
INFO:notifier:VOEvent received
INFO:notifier:IVORN: ivo://nasa.gsfc.gcn/SWIFT#BAT_SubSubThresh_Pos_1943896966-989
INFO:notifier:VOEvent received
INFO:notifier:IVORN: ivo://nasa.gsfc.gcn/SWIFT#BAT_SubSubThresh_Pos_1943897281-990
INFO:notifier:VOEvent received
INFO:notifier:IVORN: ivo://nasa.gsfc.gcn/SWIFT#BAT_Known_Pos_1943897281-991
INFO:notifier:VOEvent received
INFO:notifier:IVORN: ivo://nasa.gsfc.gcn/SWIFT#BAT_SubSubThresh_Pos_1943897606-992
INFO:notifier:VOEvent received
INFO:notifier:IVORN: ivo://nasa.gsfc.gcn/SWIFT#BAT_SubSubThresh_Pos_1943897606-993
INFO:notifier:VOEvent received
INFO:notifier:IVORN: ivo://nasa.gsfc.gcn/SWIFT#BAT_SubSubThresh_Pos_1943897606-994
INFO:notifier:VOEvent received
INFO:notifier:IVORN: ivo://nasa.gsfc.gcn/SWIFT#BAT_Known_Pos_1943897651-995
INFO:notifier:VOEvent received
INFO:notifier:IVORN: ivo://nasa.gsfc.gcn/SWIFT#BAT_Known_Pos_1943897651-996
INFO:notifier:VOEvent received
INFO:notifier:IVORN: ivo://nasa.gsfc.gcn/SWIFT#BAT_SubSubThresh_Pos_1943897656-997
INFO:notifier:VOEvent received
INFO:notifier:IVORN: ivo://nasa.gsfc.gcn/SWIFT#BAT_Known_Pos_1943897656-998
INFO:notifier:VOEvent received
INFO:notifier:IVORN: ivo://nasa.gsfc.gcn/SWIFT#BAT_Known_Pos_1943897921-999
INFO:notifier:VOEvent received
INFO:notifier:IVORN: ivo://nasa.gsfc.gcn/SWIFT#BAT_SubSubThresh_Pos_1943897921-000
INFO:notifier:VOEvent received
INFO:notifier:IVORN: ivo://nasa.gsfc.gcn/SWIFT#BAT_Known_Pos_1943898236-001
INFO:notifier:VOEvent received
INFO:notifier:IVORN: ivo://nasa.gsfc.gcn/SWIFT#BAT_Known_Pos_1943898556-002
INFO:notifier:VOEvent received
INFO:notifier:IVORN: ivo://nasa.gsfc.gcn/SWIFT#BAT_SubSubThresh_Pos_1943898886-003
INFO:notifier:VOEvent received
INFO:notifier:IVORN: ivo://nasa.gsfc.gcn/SWIFT#BAT_Known_Pos_1943898886-004
INFO:notifier:VOEvent received
INFO:notifier:IVORN: ivo://nasa.gsfc.gcn/SWIFT#BAT_SubSubThresh_Pos_1943899201-005
INFO:notifier:VOEvent received
INFO:notifier:IVORN: ivo://nasa.gsfc.gcn/SWIFT#BAT_Known_Pos_1943899206-006
INFO:notifier:VOEvent received
INFO:notifier:IVORN: ivo://nasa.gsfc.gcn/SWIFT#BAT_Known_Pos_1943899241-007
INFO:notifier:VOEvent received
INFO:notifier:IVORN: ivo://nasa.gsfc.gcn/SWIFT#BAT_SubSubThresh_Pos_1943899241-008
INFO:notifier:VOEvent received
INFO:notifier:IVORN: ivo://nasa.gsfc.gcn/SWIFT#BAT_Known_Pos_1943899516-009
INFO:notifier:VOEvent received
INFO:notifier:IVORN: ivo://nasa.gsfc.gcn/SWIFT#BAT_Known_Pos_1943899836-010
INFO:notifier:VOEvent received
INFO:notifier:IVORN: ivo://nasa.gsfc.gcn/SWIFT#BAT_Known_Pos_1943900156-011
INFO:notifier:VOEvent received
INFO:notifier:IVORN: ivo://nasa.gsfc.gcn/SWIFT#BAT_Known_Pos_1943900481-012
INFO:notifier:VOEvent received
INFO:notifier:IVORN: ivo://nasa.gsfc.gcn/SWIFT#BAT_SubSubThresh_Pos_1943900486-013
INFO:notifier:VOEvent received
INFO:notifier:IVORN: ivo://nasa.gsfc.gcn/SWIFT#BAT_Known_Pos_1943900801-017
INFO:notifier:VOEvent received
INFO:notifier:IVORN: ivo://nasa.gsfc.gcn/SWIFT#BAT_Known_Pos_1943900801-018
INFO:notifier:VOEvent received
INFO:notifier:IVORN: ivo://nasa.gsfc.gcn/SWIFT#BAT_Known_Pos_1943900846-019
INFO:notifier:VOEvent received
INFO:notifier:IVORN: ivo://nasa.gsfc.gcn/SWIFT#BAT_Known_Pos_1943900846-020
INFO:notifier:VOEvent received
INFO:notifier:IVORN: ivo://nasa.gsfc.gcn/SWIFT#BAT_SubSubThresh_Pos_1943900846-021
INFO:notifier:VOEvent received
INFO:notifier:IVORN: ivo://nasa.gsfc.gcn/SWIFT#BAT_Known_Pos_1943900981-022
INFO:notifier:VOEvent received
INFO:notifier:IVORN: ivo://nasa.gsfc.gcn/SWIFT#BAT_Known_Pos_1943900981-023
INFO:notifier:VOEvent received
INFO:notifier:IVORN: ivo://nasa.gsfc.gcn/SWIFT#BAT_Known_Pos_1943900981-024
INFO:notifier:VOEvent received
INFO:notifier:IVORN: ivo://nasa.gsfc.gcn/SWIFT#BAT_Known_Pos_1943900986-025
INFO:notifier:VOEvent received
INFO:notifier:IVORN: ivo://nasa.gsfc.gcn/SWIFT#BAT_Known_Pos_1943900986-026
INFO:notifier:VOEvent received
INFO:notifier:IVORN: ivo://nasa.gsfc.gcn/SWIFT#BAT_SubSubThresh_Pos_1943902366-027
INFO:notifier:VOEvent received
INFO:notifier:IVORN: ivo://nasa.gsfc.gcn/SWIFT#BAT_SubSubThresh_Pos_1943902366-028
INFO:notifier:VOEvent received
INFO:notifier:IVORN: ivo://nasa.gsfc.gcn/SWIFT#BAT_SubSubThresh_Pos_1943902366-029
INFO:notifier:VOEvent received
INFO:notifier:IVORN: ivo://nasa.gsfc.gcn/SWIFT#BAT_SubSubThresh_Pos_1943902676-030
INFO:notifier:VOEvent received
INFO:notifier:IVORN: ivo://nasa.gsfc.gcn/SWIFT#BAT_SubSubThresh_Pos_1943903001-031
INFO:notifier:VOEvent received
INFO:notifier:IVORN: ivo://nasa.gsfc.gcn/SWIFT#BAT_SubSubThresh_Pos_1943903521-032
INFO:notifier:VOEvent received
INFO:notifier:IVORN: ivo://nasa.gsfc.gcn/SWIFT#BAT_SubSubThresh_Pos_1943903846-033
INFO:notifier:VOEvent received
INFO:notifier:IVORN: ivo://nasa.gsfc.gcn/SWIFT#BAT_SubSubThresh_Pos_1943903846-034
INFO:notifier:VOEvent received
INFO:notifier:IVORN: ivo://nasa.gsfc.gcn/SWIFT#BAT_Known_Pos_1943903881-035
INFO:notifier:VOEvent received
INFO:notifier:IVORN: ivo://nasa.gsfc.gcn/SWIFT#BAT_SubSubThresh_Pos_1943903881-036
INFO:notifier:VOEvent received
INFO:notifier:IVORN: ivo://nasa.gsfc.gcn/SWIFT#BAT_SubSubThresh_Pos_1943904806-037
INFO:notifier:VOEvent received
INFO:notifier:IVORN: ivo://nasa.gsfc.gcn/SWIFT#BAT_SubSubThresh_Pos_1943904806-038
INFO:notifier:VOEvent received
INFO:notifier:IVORN: ivo://nasa.gsfc.gcn/SWIFT#BAT_SubSubThresh_Pos_1943905151-039
INFO:notifier:VOEvent received
INFO:notifier:IVORN: ivo://nasa.gsfc.gcn/SWIFT#BAT_Known_Pos_1943905186-040
INFO:notifier:VOEvent received
INFO:notifier:IVORN: ivo://nasa.gsfc.gcn/SWIFT#BAT_Known_Pos_1943905186-041
INFO:notifier:VOEvent received
INFO:notifier:IVORN: ivo://nasa.gsfc.gcn/SWIFT#BAT_Known_Pos_1943907196-042
INFO:notifier:VOEvent received
INFO:notifier:IVORN: ivo://nasa.gsfc.gcn/SWIFT#BAT_SubSubThresh_Pos_1943907531-043
INFO:notifier:VOEvent received
INFO:notifier:IVORN: ivo://nasa.gsfc.gcn/SWIFT#BAT_SubSubThresh_Pos_1943910871-044
INFO:notifier:VOEvent received
INFO:notifier:IVORN: ivo://nasa.gsfc.gcn/SWIFT#BAT_SubSubThresh_Pos_1943910871-048
INFO:notifier:VOEvent received
INFO:notifier:IVORN: ivo://nasa.gsfc.gcn/SWIFT#BAT_SubSubThresh_Pos_1943910906-049
INFO:notifier:VOEvent received
INFO:notifier:IVORN: ivo://nasa.gsfc.gcn/SWIFT#BAT_SubSubThresh_Pos_1943911021-050
INFO:notifier:VOEvent received
INFO:notifier:IVORN: ivo://nasa.gsfc.gcn/SWIFT#BAT_SubSubThresh_Pos_1943911021-051
INFO:notifier:VOEvent received
INFO:notifier:IVORN: ivo://nasa.gsfc.gcn/SWIFT#BAT_SubSubThresh_Pos_1943911061-052
INFO:notifier:VOEvent received
INFO:notifier:IVORN: ivo://nasa.gsfc.gcn/SWIFT#BAT_SubSubThresh_Pos_1943911061-053
INFO:notifier:VOEvent received
INFO:notifier:IVORN: ivo://nasa.gsfc.gcn/SWIFT#BAT_SubSubThresh_Pos_1943911331-054
INFO:notifier:VOEvent received
INFO:notifier:IVORN: ivo://nasa.gsfc.gcn/SWIFT#BAT_SubSubThresh_Pos_1943911371-055
INFO:notifier:VOEvent received
INFO:notifier:IVORN: ivo://nasa.gsfc.gcn/SWIFT#BAT_SubSubThresh_Pos_1943916951-056
INFO:notifier:VOEvent received
INFO:notifier:IVORN: ivo://nasa.gsfc.gcn/SWIFT#BAT_SubSubThresh_Pos_1943917006-057
INFO:notifier:VOEvent received
INFO:notifier:IVORN: ivo://nasa.gsfc.gcn/SWIFT#BAT_Known_Pos_1943918041-058
INFO:notifier:VOEvent received
INFO:notifier:IVORN: ivo://nasa.gsfc.gcn/SWIFT#BAT_SubSubThresh_Pos_1943918046-059
INFO:notifier:VOEvent received
INFO:notifier:IVORN: ivo://nasa.gsfc.gcn/SWIFT#BAT_Known_Pos_1943918366-060
INFO:notifier:VOEvent received
INFO:notifier:IVORN: ivo://nasa.gsfc.gcn/SWIFT#BAT_SubSubThresh_Pos_1943918366-061
INFO:notifier:VOEvent received
INFO:notifier:IVORN: ivo://nasa.gsfc.gcn/SWIFT#BAT_SubSubThresh_Pos_1943918366-062
INFO:notifier:VOEvent received
INFO:notifier:IVORN: ivo://nasa.gsfc.gcn/SWIFT#BAT_Known_Pos_1943918681-063
INFO:notifier:VOEvent received
INFO:notifier:IVORN: ivo://nasa.gsfc.gcn/SWIFT#BAT_SubSubThresh_Pos_1943918681-064
INFO:notifier:VOEvent received
INFO:notifier:IVORN: ivo://nasa.gsfc.gcn/SWIFT#BAT_SubSubThresh_Pos_1943919496-065
INFO:notifier:VOEvent received
INFO:notifier:IVORN: ivo://nasa.gsfc.gcn/SWIFT#BAT_Known_Pos_1943919521-066
INFO:notifier:VOEvent received
INFO:notifier:IVORN: ivo://nasa.gsfc.gcn/SWIFT#BAT_SubSubThresh_Pos_1943919521-067
INFO:notifier:VOEvent received
INFO:notifier:IVORN: ivo://nasa.gsfc.gcn/SWIFT#BAT_Known_Pos_1943920181-068
INFO:notifier:VOEvent received
INFO:notifier:IVORN: ivo://nasa.gsfc.gcn/SWIFT#BAT_SubSubThresh_Pos_1943921001-069
INFO:notifier:VOEvent received
INFO:notifier:IVORN: ivo://nasa.gsfc.gcn/SWIFT#BAT_SubSubThresh_Pos_1943922396-070
INFO:notifier:VOEvent received
INFO:notifier:IVORN: ivo://nasa.gsfc.gcn/SWIFT#BAT_SubSubThresh_Pos_1943922716-071
INFO:notifier:VOEvent received
INFO:notifier:IVORN: ivo://nasa.gsfc.gcn/SWIFT#BAT_SubSubThresh_Pos_1943923041-072
INFO:notifier:VOEvent received
INFO:notifier:IVORN: ivo://nasa.gsfc.gcn/SWIFT#BAT_SubSubThresh_Pos_1943923681-073
INFO:notifier:VOEvent received
INFO:notifier:IVORN: ivo://nasa.gsfc.gcn/SWIFT#BAT_SubSubThresh_Pos_1943924036-074
INFO:notifier:VOEvent received
INFO:notifier:IVORN: ivo://nasa.gsfc.gcn/SWIFT#BAT_SubSubThresh_Pos_1943924641-075
INFO:notifier:VOEvent received
INFO:notifier:IVORN: ivo://nasa.gsfc.gcn/SWIFT#BAT_SubSubThresh_Pos_1943924641-076
INFO:notifier:VOEvent received
INFO:notifier:IVORN: ivo://nasa.gsfc.gcn/SWIFT#BAT_SubSubThresh_Pos_1943927041-077
INFO:notifier:VOEvent received
INFO:notifier:IVORN: ivo://nasa.gsfc.gcn/SWIFT#BAT_Known_Pos_1943927046-081
INFO:notifier:VOEvent received
INFO:notifier:IVORN: ivo://nasa.gsfc.gcn/SWIFT#BAT_SubSubThresh_Pos_1943927046-082
INFO:notifier:VOEvent received
INFO:notifier:IVORN: ivo://nasa.gsfc.gcn/SWIFT#BAT_Known_Pos_1943927676-083
INFO:notifier:VOEvent received
INFO:notifier:IVORN: ivo://nasa.gsfc.gcn/SWIFT#BAT_Known_Pos_1943927996-084
INFO:notifier:VOEvent received
INFO:notifier:IVORN: ivo://nasa.gsfc.gcn/SWIFT#BAT_SubSubThresh_Pos_1943928321-085
INFO:notifier:VOEvent received
INFO:notifier:IVORN: ivo://nasa.gsfc.gcn/SWIFT#BAT_Known_Pos_1943928321-086
INFO:notifier:VOEvent received
INFO:notifier:IVORN: ivo://nasa.gsfc.gcn/SWIFT#BAT_SubSubThresh_Pos_1943928366-087
INFO:notifier:VOEvent received
INFO:notifier:IVORN: ivo://nasa.gsfc.gcn/SWIFT#BAT_Known_Pos_1943928366-088
INFO:notifier:VOEvent received
INFO:notifier:IVORN: ivo://nasa.gsfc.gcn/SWIFT#BAT_Known_Pos_1943928371-089
INFO:notifier:VOEvent received
INFO:notifier:IVORN: ivo://nasa.gsfc.gcn/SWIFT#BAT_Known_Pos_1943928371-090
INFO:notifier:VOEvent received
INFO:notifier:IVORN: ivo://nasa.gsfc.gcn/SWIFT#BAT_Known_Pos_1943928641-091
INFO:notifier:VOEvent received
INFO:notifier:IVORN: ivo://nasa.gsfc.gcn/SWIFT#BAT_Known_Pos_1943928641-092
INFO:notifier:VOEvent received
INFO:notifier:IVORN: ivo://nasa.gsfc.gcn/SWIFT#BAT_Known_Pos_1943928956-093
INFO:notifier:VOEvent received
INFO:notifier:IVORN: ivo://nasa.gsfc.gcn/SWIFT#BAT_Known_Pos_1943929276-094
INFO:notifier:VOEvent received
INFO:notifier:IVORN: ivo://nasa.gsfc.gcn/SWIFT#BAT_Known_Pos_1943929471-095
INFO:notifier:VOEvent received
INFO:notifier:IVORN: ivo://nasa.gsfc.gcn/SWIFT#BAT_Known_Pos_1943929471-096
INFO:notifier:VOEvent received
INFO:notifier:IVORN: ivo://nasa.gsfc.gcn/SWIFT#BAT_Known_Pos_1943929476-097
INFO:notifier:VOEvent received
INFO:notifier:IVORN: ivo://nasa.gsfc.gcn/SWIFT#BAT_Known_Pos_1943929476-098
INFO:notifier:VOEvent received
INFO:notifier:IVORN: ivo://nasa.gsfc.gcn/SWIFT#BAT_SubSubThresh_Pos_1943930836-099
INFO:notifier:VOEvent received
INFO:notifier:IVORN: ivo://nasa.gsfc.gcn/SWIFT#BAT_SubSubThresh_Pos_1943931481-100
INFO:notifier:VOEvent received
INFO:notifier:IVORN: ivo://nasa.gsfc.gcn/SWIFT#BAT_Known_Pos_1943931486-101
INFO:notifier:VOEvent received
INFO:notifier:IVORN: ivo://nasa.gsfc.gcn/SWIFT#BAT_Known_Pos_1943932161-102
INFO:notifier:VOEvent received
INFO:notifier:IVORN: ivo://nasa.gsfc.gcn/SWIFT#BAT_SubSubThresh_Pos_1943932161-103
INFO:notifier:VOEvent received
INFO:notifier:IVORN: ivo://nasa.gsfc.gcn/SWIFT#BAT_SubSubThresh_Pos_1943932441-104
INFO:notifier:VOEvent received
INFO:notifier:IVORN: ivo://nasa.gsfc.gcn/SWIFT#BAT_SubSubThresh_Pos_1943933121-105
INFO:notifier:VOEvent received
INFO:notifier:IVORN: ivo://nasa.gsfc.gcn/SWIFT#BAT_Known_Pos_1943933436-106
INFO:notifier:VOEvent received
INFO:notifier:IVORN: ivo://nasa.gsfc.gcn/SWIFT#BAT_Known_Pos_1943933681-107
INFO:notifier:VOEvent received
INFO:notifier:IVORN: ivo://nasa.gsfc.gcn/SWIFT#BAT_SubSubThresh_Pos_1943933681-108
INFO:notifier:VOEvent received
INFO:notifier:IVORN: ivo://nasa.gsfc.gcn/SWIFT#BAT_Known_Pos_1943933681-112
INFO:notifier:VOEvent received
INFO:notifier:IVORN: ivo://nasa.gsfc.gcn/SWIFT#BAT_SubSubThresh_Pos_1943935081-113
INFO:notifier:VOEvent received
INFO:notifier:IVORN: ivo://nasa.gsfc.gcn/SWIFT#BAT_SubSubThresh_Pos_1943935716-114
INFO:notifier:VOEvent received
INFO:notifier:IVORN: ivo://nasa.gsfc.gcn/SWIFT#BAT_Known_Pos_1943936041-115
INFO:notifier:VOEvent received
INFO:notifier:IVORN: ivo://nasa.gsfc.gcn/SWIFT#BAT_Known_Pos_1943936046-116
INFO:notifier:VOEvent received
INFO:notifier:IVORN: ivo://nasa.gsfc.gcn/SWIFT#BAT_SubSubThresh_Pos_1943936046-117
INFO:notifier:VOEvent received
INFO:notifier:IVORN: ivo://nasa.gsfc.gcn/SWIFT#BAT_SubSubThresh_Pos_1943937011-118
INFO:notifier:VOEvent received
INFO:notifier:IVORN: ivo://nasa.gsfc.gcn/SWIFT#BAT_SubSubThresh_Pos_1943937996-119
INFO:notifier:VOEvent received
INFO:notifier:IVORN: ivo://nasa.gsfc.gcn/SWIFT#BAT_SubSubThresh_Pos_1943938681-120
INFO:notifier:VOEvent received
INFO:notifier:IVORN: ivo://nasa.gsfc.gcn/SWIFT#BAT_SubSubThresh_Pos_1943938681-121
INFO:notifier:VOEvent received
INFO:notifier:IVORN: ivo://nasa.gsfc.gcn/SWIFT#BAT_SubSubThresh_Pos_1943938911-122
INFO:notifier:VOEvent received
INFO:notifier:IVORN: ivo://nasa.gsfc.gcn/SWIFT#BAT_SubSubThresh_Pos_1943938911-123
INFO:notifier:VOEvent received
INFO:notifier:IVORN: ivo://nasa.gsfc.gcn/SWIFT#BAT_SubSubThresh_Pos_1943939881-124
INFO:notifier:VOEvent received
INFO:notifier:IVORN: ivo://nasa.gsfc.gcn/SWIFT#BAT_SubSubThresh_Pos_1943940196-125
INFO:notifier:VOEvent received
INFO:notifier:IVORN: ivo://nasa.gsfc.gcn/SWIFT#BAT_SubSubThresh_Pos_1943940526-126
INFO:notifier:VOEvent received
INFO:notifier:IVORN: ivo://nasa.gsfc.gcn/SWIFT#BAT_SubSubThresh_Pos_1943940526-127
INFO:notifier:VOEvent received
INFO:notifier:IVORN: ivo://nasa.gsfc.gcn/SWIFT#BAT_SubSubThresh_Pos_1943940526-128
INFO:notifier:VOEvent received
INFO:notifier:IVORN: ivo://nasa.gsfc.gcn/SWIFT#BAT_SubSubThresh_Pos_1943940561-129
INFO:notifier:VOEvent received
INFO:notifier:IVORN: ivo://nasa.gsfc.gcn/SWIFT#BAT_SubSubThresh_Pos_1943940866-130
INFO:notifier:VOEvent received
INFO:notifier:IVORN: ivo://nasa.gsfc.gcn/SWIFT#BAT_SubSubThresh_Pos_1943941546-131
INFO:notifier:VOEvent received
INFO:notifier:IVORN: ivo://nasa.gsfc.gcn/SWIFT#BAT_SubSubThresh_Pos_1943941586-132
INFO:notifier:VOEvent received
INFO:notifier:IVORN: ivo://nasa.gsfc.gcn/INTEGRAL#Point_Dir_2017-03-10T02:00:05.00_000000-148
INFO:notifier:VOEvent received
INFO:notifier:IVORN: ivo://nasa.gsfc.gcn/SWIFT#Point_Dir_2017-03-10T02:01:00.00_1577092977-158
INFO:notifier:VOEvent received
INFO:notifier:IVORN: ivo://nasa.gsfc.gcn/SWIFT#Actual_Point_Dir_2017-03-10T02:04:23.07_1577092977-171
INFO:notifier:VOEvent received
INFO:notifier:IVORN: ivo://voevent.4pisky.org/voevent-broadcast#TestEvent-2017-03-10T02:10:36
INFO:notifier:VOEvent received
INFO:notifier:IVORN: ivo://voevent.4pisky.org/voevent-receive#TestEvent-2017-03-10T02:10:36
INFO:notifier:VOEvent received
INFO:notifier:IVORN: ivo://nasa.gsfc.gcn/SWIFT#Point_Dir_2017-03-10T02:16:00.00_789256693-208
INFO:notifier:VOEvent received
INFO:notifier:IVORN: ivo://nasa.gsfc.gcn/Fermi#Point_Dir_2017-03-10T02:16:00.00_000000-0-209
INFO:notifier:VOEvent received
INFO:notifier:IVORN: ivo://nasa.gsfc.gcn/SWIFT#Actual_Point_Dir_2017-03-10T02:17:31.30_789256693-216
INFO:notifier:VOEvent received
INFO:notifier:IVORN: ivo://nasa.gsfc.gcn/SWIFT#Point_Dir_2017-03-10T02:44:00.00_704673939-301
INFO:notifier:VOEvent received
INFO:notifier:IVORN: ivo://nasa.gsfc.gcn/SWIFT#Actual_Point_Dir_2017-03-10T02:46:29.47_704673939-311
INFO:notifier:VOEvent received
INFO:notifier:IVORN: ivo://nasa.gsfc.gcn/SWIFT#Point_Dir_2017-03-10T03:02:00.00_117475461-363
INFO:notifier:VOEvent received
INFO:notifier:IVORN: ivo://nasa.gsfc.gcn/INTEGRAL#Point_Dir_2017-03-10T03:04:58.00_000000-367
INFO:notifier:VOEvent received
INFO:notifier:IVORN: ivo://nasa.gsfc.gcn/SWIFT#Actual_Point_Dir_2017-03-10T03:03:39.67_117475461-371
INFO:notifier:VOEvent received
INFO:notifier:IVORN: ivo://nasa.gsfc.gcn/SWIFT#Point_Dir_2017-03-13T00:45:00.00_806033909-126
INFO:notifier:TRIGGERING
INFO:notifier:Coords are RA=91.6862 Dec=-26.7874
INFO:notifier:VOEvent received
INFO:notifier:IVORN: ivo://nasa.gsfc.gcn/SWIFT#Actual_Point_Dir_2017-03-13T00:46:24.54_806033909-133
INFO:notifier:TRIGGERING
INFO:notifier:Coords are RA=91.6632 Dec=-26.7947
INFO:notifier:VOEvent received
INFO:notifier:IVORN: ivo://nasa.gsfc.gcn/INTEGRAL#Point_Dir_2017-05-23T12:05:56.08_000000-178
INFO:notifier:TRIGGERING
INFO:notifier:Coords are RA=3.9584 Dec=-2.4058
INFO:notifier:VOEvent received
INFO:notifier:IVORN: ivo://nasa.gsfc.gcn/INTEGRAL#SPIACS_000000-0-179
INFO:notifier:TRIGGERING
INFO:notifier:Coords are RA=0.0 Dec=0.0
INFO:notifier:VOEvent received
INFO:notifier:IVORN: ivo://nasa.gsfc.gcn/INTEGRAL#Wakeup_Pos_000000-0-183
INFO:notifier:TRIGGERING
INFO:notifier:Coords are RA=1.2343 Dec=2.3455
INFO:notifier:VOEvent received
INFO:notifier:IVORN: ivo://nasa.gsfc.gcn/INTEGRAL#Refined_Pos_000000-0-184
INFO:notifier:TRIGGERING
INFO:notifier:Coords are RA=1.2343 Dec=2.3455
INFO:notifier:VOEvent received
INFO:notifier:IVORN: ivo://nasa.gsfc.gcn/INTEGRAL#Offline_Pos_000234-0-185
INFO:notifier:TRIGGERING
INFO:notifier:Coords are RA=1.2343 Dec=2.3455
INFO:notifier:VOEvent received
INFO:notifier:IVORN: ivo://nasa.gsfc.gcn/INTEGRAL#Weak_Pos_000000-0-186
INFO:notifier:TRIGGERING
INFO:notifier:Coords are RA=1.2343 Dec=2.3455
INFO:notifier:VOEvent received
INFO:notifier:IVORN: ivo://nasa.gsfc.gcn/SWIFT#Actual_Point_Dir_2017-03-13T01:03:34.74_285297013-199
INFO:notifier:TRIGGERING
INFO:notifier:Coords are RA=158.8178 Dec=-24.7433
INFO:notifier:VOEvent received
INFO:notifier:IVORN: ivo://nasa.gsfc.gcn/SWIFT#Point_Dir_2017-03-13T01:21:00.00_67143839-258
INFO:notifier:VOEvent received
INFO:notifier:IVORN: ivo://nasa.gsfc.gcn/INTEGRAL#Point_Dir_2017-03-13T01:24:07.99_000000-265
INFO:notifier:VOEvent received
INFO:notifier:IVORN: ivo://nasa.gsfc.gcn/SWIFT#FOM_Obs_16812207-302
INFO:notifier:VOEvent received
INFO:notifier:IVORN: ivo://nasa.gsfc.gcn/SWIFT#FOM_Obs_16812201-303
INFO:notifier:VOEvent received
INFO:notifier:IVORN: ivo://nasa.gsfc.gcn/SWIFT#FOM_Obs_16812203-304
INFO:notifier:VOEvent received
INFO:notifier:IVORN: ivo://nasa.gsfc.gcn/SWIFT#FOM_Obs_16812213-305
INFO:notifier:VOEvent received
INFO:notifier:IVORN: ivo://nasa.gsfc.gcn/SWIFT#Actual_Point_Dir_2017-03-13T01:32:53.34_16812213-309
INFO:notifier:VOEvent received
INFO:notifier:IVORN: ivo://nasa.gsfc.gcn/SWIFT#FOM_Obs_16812214-310
INFO:notifier:VOEvent received
INFO:notifier:IVORN: ivo://nasa.gsfc.gcn/SWIFT#FOM_Obs_16812196-319
INFO:notifier:VOEvent received
INFO:notifier:IVORN: ivo://voevent.4pisky.org/voevent-broadcast#TestEvent-2017-03-13T02:10:36
INFO:notifier:VOEvent received
INFO:notifier:IVORN: ivo://voevent.4pisky.org/voevent-receive#TestEvent-2017-03-13T02:10:36
INFO:notifier:VOEvent received
INFO:notifier:IVORN: ivo://nasa.gsfc.gcn/SWIFT#Actual_Point_Dir_2017-03-13T02:10:53.14_100698264-451
INFO:notifier:VOEvent received
INFO:notifier:IVORN: ivo://nasa.gsfc.gcn/Fermi#Point_Dir_2017-03-13T02:16:00.00_000000-0-467
INFO:notifier:TRIGGERING
INFO:notifier:Coords are RA=227.2079 Dec=-75.8628
INFO:notifier:VOEvent received
INFO:notifier:IVORN: ivo://nasa.gsfc.gcn/SWIFT#Point_Dir_2017-03-13T02:19:00.00_806033909-480
INFO:notifier:TRIGGERING
INFO:notifier:Coords are RA=91.6866 Dec=-26.7856
INFO:notifier:VOEvent received
INFO:notifier:IVORN: ivo://nasa.gsfc.gcn/HETE#Test_Pos_000023-4-481
INFO:notifier:TRIGGERING
INFO:notifier:Coords are RA=72.0 Dec=34.9999
INFO:notifier:VOEvent received
INFO:notifier:IVORN: ivo://nasa.gsfc.gcn/SWIFT#Actual_Point_Dir_2017-03-13T02:20:18.74_806033909-485
INFO:notifier:TRIGGERING
INFO:notifier:Coords are RA=91.6913 Dec=-26.7725
INFO:notifier:VOEvent received
INFO:notifier:IVORN: ivo://nasa.gsfc.gcn/INTEGRAL#Point_Dir_2017-03-13T02:27:50.00_000000-507
INFO:notifier:TRIGGERING
INFO:notifier:Coords are RA=268.8062 Dec=-29.3603
INFO:notifier:VOEvent received
INFO:notifier:IVORN: ivo://nasa.gsfc.gcn/SWIFT#Point_Dir_2017-03-13T02:37:00.00_67194519-543
INFO:notifier:TRIGGERING
INFO:notifier:Coords are RA=171.937 Dec=-53.3338
INFO:notifier:VOEvent received
INFO:notifier:IVORN: ivo://nasa.gsfc.gcn/SWIFT#Actual_Point_Dir_2017-03-13T02:38:29.93_67194519-551
INFO:notifier:TRIGGERING
INFO:notifier:Coords are RA=171.9206 Dec=-53.35
INFO:notifier:VOEvent received
INFO:notifier:IVORN: ivo://nasa.gsfc.gcn/SWIFT#Point_Dir_2017-03-13T02:42:00.00_285247711-561
INFO:notifier:TRIGGERING
INFO:notifier:Coords are RA=217.0098 Dec=-42.0896
INFO:notifier:VOEvent received
INFO:notifier:IVORN: ivo://nasa.gsfc.gcn/SWIFT#BAT_SubSubThresh_Pos_1945090276-562
INFO:notifier:VOEvent received
INFO:notifier:IVORN: ivo://nasa.gsfc.gcn/SWIFT#BAT_SubSubThresh_Pos_1945090556-563
INFO:notifier:VOEvent received
INFO:notifier:IVORN: ivo://nasa.gsfc.gcn/SWIFT#BAT_SubSubThresh_Pos_1945091201-564
INFO:notifier:VOEvent received
INFO:notifier:IVORN: ivo://nasa.gsfc.gcn/SWIFT#BAT_SubSubThresh_Pos_1945094156-565
INFO:notifier:VOEvent received
INFO:notifier:IVORN: ivo://nasa.gsfc.gcn/SWIFT#BAT_SubSubThresh_Pos_1945095476-566
INFO:notifier:VOEvent received
INFO:notifier:IVORN: ivo://nasa.gsfc.gcn/SWIFT#BAT_SubSubThresh_Pos_1945095801-567
INFO:notifier:VOEvent received
INFO:notifier:IVORN: ivo://nasa.gsfc.gcn/SWIFT#BAT_SubSubThresh_Pos_1945096116-571
INFO:notifier:VOEvent received
INFO:notifier:IVORN: ivo://nasa.gsfc.gcn/SWIFT#BAT_SubSubThresh_Pos_1945096606-572
INFO:notifier:VOEvent received
INFO:notifier:IVORN: ivo://nasa.gsfc.gcn/SWIFT#BAT_SubSubThresh_Pos_1945096606-573
INFO:notifier:VOEvent received
INFO:notifier:IVORN: ivo://nasa.gsfc.gcn/SWIFT#BAT_SubSubThresh_Pos_1945096921-574
INFO:notifier:VOEvent received
INFO:notifier:IVORN: ivo://nasa.gsfc.gcn/SWIFT#BAT_SubSubThresh_Pos_1945096926-575
INFO:notifier:VOEvent received
INFO:notifier:IVORN: ivo://nasa.gsfc.gcn/SWIFT#BAT_SubSubThresh_Pos_1945097236-576
INFO:notifier:VOEvent received
INFO:notifier:IVORN: ivo://nasa.gsfc.gcn/SWIFT#BAT_SubSubThresh_Pos_1945097656-577
INFO:notifier:VOEvent received
INFO:notifier:IVORN: ivo://nasa.gsfc.gcn/SWIFT#BAT_SubSubThresh_Pos_1945097656-578
INFO:notifier:VOEvent received
INFO:notifier:IVORN: ivo://nasa.gsfc.gcn/SWIFT#BAT_SubSubThresh_Pos_1945098616-579
INFO:notifier:VOEvent received
INFO:notifier:IVORN: ivo://nasa.gsfc.gcn/SWIFT#Actual_Point_Dir_2017-03-13T02:43:32.93_285247711-583
